<?xml version="1.0" encoding="UTF-8"?>
<!-- Generated by org.testng.reporters.JUnitReportReporter -->
<testsuite hostname="LAPTOP-Q157RSFS" failures="0" tests="1" name="com.vote.lohi.VoteTest" time="20.170" errors="0" timestamp="2020-07-04T22:08:14 IST" skipped="0">
  <testcase classname="com.vote.lohi.VoteTest" name="voteTest" time="20.170"/>
  <system-out/>
</testsuite> <!-- com.vote.lohi.VoteTest -->
