<?xml version="1.0" encoding="UTF-8"?>
<!-- Generated by org.testng.reporters.JUnitReportReporter -->
<testsuite hostname="LAPTOP-Q157RSFS" failures="0" tests="1" name="com.vote.lohi.VoteTest" time="17.925" errors="0" timestamp="2020-07-05T09:59:45 IST" skipped="0">
  <testcase classname="com.vote.lohi.VoteTest" name="voteTest" time="17.925"/>
  <system-out/>
</testsuite> <!-- com.vote.lohi.VoteTest -->
